app/build/outputs/logs/manifest-merger-debug-report.txt
-- Merging decision tree log ---
manifest
ADDED from src\main\AndroidManifest.xml:2:1-119:12
INJECTED from src\main\AndroidManifest.xml:2:1-119:12
INJECTED from src\main\AndroidManifest.xml:2:1-119:12
INJECTED from src\main\AndroidManifest.xml:2:1-119:12
MERGED from [org.litepal.android:core:1.4.1] AndroidManifest.xml:2:1-16:12
INJECTED from src\main\AndroidManifest.xml:2:1-119:12
INJECTED from src\main\AndroidManifest.xml:2:1-119:12
INJECTED from src\main\AndroidManifest.xml:2:1-119:12
	package
		ADDED from src\main\AndroidManifest.xml:3:5-32
		INJECTED from src\main\AndroidManifest.xml
		INJECTED from src\main\AndroidManifest.xml
	android:versionName
		ADDED from src\main\AndroidManifest.xml:5:5-30
		INJECTED from src\main\AndroidManifest.xml
		INJECTED from src\main\AndroidManifest.xml
	xmlns:android
		ADDED from src\main\AndroidManifest.xml:2:11-69
	android:versionCode
		ADDED from src\main\AndroidManifest.xml:4:5-28
		INJECTED from src\main\AndroidManifest.xml
		INJECTED from src\main\AndroidManifest.xml
uses-sdk
ADDED from src\main\AndroidManifest.xml:7:5-9:41
INJECTED from src\main\AndroidManifest.xml:7:5-9:41
INJECTED from src\main\AndroidManifest.xml:7:5-9:41
MERGED from [org.litepal.android:core:1.4.1] AndroidManifest.xml:7:5-9:41
MERGED from [org.litepal.android:core:1.4.1] AndroidManifest.xml:7:5-9:41
INJECTED from src\main\AndroidManifest.xml:7:5-9:41
INJECTED from src\main\AndroidManifest.xml:7:5-9:41
	android:targetSdkVersion
		ADDED from src\main\AndroidManifest.xml:9:9-38
		INJECTED from src\main\AndroidManifest.xml
		INJECTED from src\main\AndroidManifest.xml
	android:minSdkVersion
		ADDED from src\main\AndroidManifest.xml:8:9-35
		INJECTED from src\main\AndroidManifest.xml
		INJECTED from src\main\AndroidManifest.xml
uses-permission#android.permission.WRITE_EXTERNAL_STORAGE
ADDED from src\main\AndroidManifest.xml:12:5-81
	android:name
		ADDED from src\main\AndroidManifest.xml:12:22-78
uses-permission#android.permission.RECEIVE_BOOT_COMPLETED
ADDED from src\main\AndroidManifest.xml:15:5-81
	android:name
		ADDED from src\main\AndroidManifest.xml:15:22-78
application
ADDED from src\main\AndroidManifest.xml:17:5-115:19
MERGED from [org.litepal.android:core:1.4.1] AndroidManifest.xml:11:5-14:19
MERGED from [org.litepal.android:core:1.4.1] AndroidManifest.xml:11:5-14:19
	android:label
		ADDED from src\main\AndroidManifest.xml:21:9-41
	android:icon
		ADDED from src\main\AndroidManifest.xml:20:9-45
	android:allowBackup
		ADDED from src\main\AndroidManifest.xml:19:9-35
	android:theme
		ADDED from src\main\AndroidManifest.xml:22:9-40
	android:name
		ADDED from src\main\AndroidManifest.xml:18:9-54
activity#com.example.raman.AdminLogin
ADDED from src\main\AndroidManifest.xml:23:9-31:20
	android:label
		ADDED from src\main\AndroidManifest.xml:25:13-45
	android:name
		ADDED from src\main\AndroidManifest.xml:24:13-56
intent-filter#android.intent.action.MAIN+android.intent.category.LAUNCHER
ADDED from src\main\AndroidManifest.xml:26:13-30:29
action#android.intent.action.MAIN
ADDED from src\main\AndroidManifest.xml:27:17-69
	android:name
		ADDED from src\main\AndroidManifest.xml:27:25-66
category#android.intent.category.LAUNCHER
ADDED from src\main\AndroidManifest.xml:29:17-77
	android:name
		ADDED from src\main\AndroidManifest.xml:29:27-74
activity#com.example.raman.Main
ADDED from src\main\AndroidManifest.xml:33:8-40:20
	android:label
		ADDED from src\main\AndroidManifest.xml:35:13-32
	android:name
		ADDED from src\main\AndroidManifest.xml:34:13-33
intent-filter#android.intent.category.DEFAULT+main
ADDED from src\main\AndroidManifest.xml:36:13-39:29
action#main
ADDED from src\main\AndroidManifest.xml:37:17-47
	android:name
		ADDED from src\main\AndroidManifest.xml:37:25-44
category#android.intent.category.DEFAULT
ADDED from src\main\AndroidManifest.xml:38:17-76
	android:name
		ADDED from src\main\AndroidManifest.xml:38:27-73
activity#com.example.raman.Check
ADDED from src\main\AndroidManifest.xml:42:8-49:20
	android:label
		ADDED from src\main\AndroidManifest.xml:44:13-33
	android:name
		ADDED from src\main\AndroidManifest.xml:43:13-34
activity#com.example.raman.CheckChart
ADDED from src\main\AndroidManifest.xml:50:9-57:20
	android:label
		ADDED from src\main\AndroidManifest.xml:52:13-33
	android:name
		ADDED from src\main\AndroidManifest.xml:51:13-39
activity#com.example.raman.Query
ADDED from src\main\AndroidManifest.xml:58:9-65:20
	android:label
		ADDED from src\main\AndroidManifest.xml:60:13-33
	android:name
		ADDED from src\main\AndroidManifest.xml:59:13-34
activity#com.example.raman.Set
ADDED from src\main\AndroidManifest.xml:66:9-73:20
	android:label
		ADDED from src\main\AndroidManifest.xml:68:13-45
	android:name
		ADDED from src\main\AndroidManifest.xml:67:13-32
activity#com.example.raman.SetApp
ADDED from src\main\AndroidManifest.xml:74:9-81:20
	android:label
		ADDED from src\main\AndroidManifest.xml:76:13-33
	android:name
		ADDED from src\main\AndroidManifest.xml:75:13-35
activity#com.example.raman.SetParameter
ADDED from src\main\AndroidManifest.xml:82:9-89:20
	android:label
		ADDED from src\main\AndroidManifest.xml:84:13-33
	android:name
		ADDED from src\main\AndroidManifest.xml:83:13-41
activity#com.example.raman.QueryChart
ADDED from src\main\AndroidManifest.xml:90:10-97:20
	android:label
		ADDED from src\main\AndroidManifest.xml:92:13-33
	android:name
		ADDED from src\main\AndroidManifest.xml:91:13-39
activity#com.example.raman.ChartLib
ADDED from src\main\AndroidManifest.xml:99:11-106:20
	android:label
		ADDED from src\main\AndroidManifest.xml:101:13-32
	android:name
		ADDED from src\main\AndroidManifest.xml:100:13-37
activity#com.example.raman.ChartLibQuery
ADDED from src\main\AndroidManifest.xml:107:10-114:20
	android:label
		ADDED from src\main\AndroidManifest.xml:109:13-32
	android:name
		ADDED from src\main\AndroidManifest.xml:108:13-42